<?xml version="1.0" encoding="UTF-8"?>
<!-- Generated by org.testng.reporters.JUnitReportReporter -->
<testsuite skipped="0" hostname="admin-PC" name="TestHelloWorld" tests="1" failures="0" timestamp="01 Dec 2018 07:25:22 GMT" time="0.016" errors="0">
  <testcase name="testEmailGenerator" time="0.016" classname="TestHelloWorld"/>
</testsuite> <!-- TestHelloWorld -->
